{"level":"info","message":"Login As Bank Manager","timestamp":"2018-01-08T06:00:58.076Z"}
{"level":"info","message":"Checking the Button Labels","timestamp":"2018-01-08T06:01:03.052Z"}
{"level":"info","message":"Checking Add Customer Button","timestamp":"2018-01-08T06:01:04.581Z"}
{"level":"info","message":"Checking No of Labels for Add Customer","timestamp":"2018-01-08T06:01:04.582Z"}
{"level":"info","message":"Checking Open Account Button","timestamp":"2018-01-08T06:01:06.220Z"}
{"level":"info","message":"Checking Search Account Button","timestamp":"2018-01-08T06:01:07.621Z"}
{"level":"info","message":"Adding the Customer Info","timestamp":"2018-01-08T06:01:09.031Z"}
{"level":"info","message":"Adding the Customer Info","timestamp":"2018-01-08T06:01:11.937Z"}
{"level":"info","message":"Adding the Customer Info","timestamp":"2018-01-08T06:01:14.676Z"}
{"level":"info","message":"Open New Customer Account","timestamp":"2018-01-08T06:01:17.584Z"}
{"level":"info","message":"Searching the Customer Account","timestamp":"2018-01-08T06:01:28.376Z"}
{"level":"info","message":"Login As Bank Manager","timestamp":"2018-08-26T10:36:55.927Z"}
{"level":"info","message":"Checking the Button Labels","timestamp":"2018-08-26T10:37:10.022Z"}
{"level":"info","message":"Checking Add Customer Button","timestamp":"2018-08-26T10:37:11.674Z"}
{"level":"info","message":"Checking No of Labels for Add Customer","timestamp":"2018-08-26T10:37:11.674Z"}
{"level":"info","message":"Checking Open Account Button","timestamp":"2018-08-26T10:37:13.539Z"}
{"level":"info","message":"Checking Search Account Button","timestamp":"2018-08-26T10:37:15.361Z"}
{"level":"info","message":"Adding the Customer Info","timestamp":"2018-08-26T10:37:15.386Z"}
{"level":"info","message":"Adding the Customer Info","timestamp":"2018-08-26T10:37:15.398Z"}
{"level":"info","message":"Adding the Customer Info","timestamp":"2018-08-26T10:37:15.415Z"}
{"level":"info","message":"Open New Customer Account","timestamp":"2018-08-26T10:37:15.441Z"}
{"level":"info","message":"Searching the Customer Account","timestamp":"2018-08-26T10:37:15.672Z"}
{"level":"info","message":"Login As Bank Manager","timestamp":"2018-08-26T10:38:20.585Z"}
{"level":"info","message":"Checking the Button Labels","timestamp":"2018-08-26T10:38:33.536Z"}
{"level":"info","message":"Login As Bank Manager","timestamp":"2018-08-26T10:40:47.588Z"}
{"level":"info","message":"Login As Bank Manager","timestamp":"2018-08-26T10:41:21.942Z"}
{"level":"info","message":"Checking the Button Labels","timestamp":"2018-08-26T10:41:29.439Z"}
{"level":"info","message":"Login As Bank Manager","timestamp":"2018-08-26T10:46:22.496Z"}
{"level":"info","message":"Checking the Button Labels","timestamp":"2018-08-26T10:46:36.843Z"}
{"level":"info","message":"Login As Bank Manager","timestamp":"2018-08-26T10:47:15.064Z"}
{"level":"info","message":"Login As Bank Manager","timestamp":"2018-08-26T10:48:34.924Z"}
{"level":"info","message":"Checking the Button Labels","timestamp":"2018-08-26T10:48:42.544Z"}
{"level":"info","message":"Login As Bank Manager","timestamp":"2018-08-26T10:51:29.503Z"}
{"level":"info","message":"Checking the Button Labels","timestamp":"2018-08-26T10:51:37.996Z"}
{"level":"info","message":"Login As Bank Manager","timestamp":"2018-08-26T10:54:13.178Z"}
{"level":"info","message":"Login As Bank Manager","timestamp":"2018-08-26T10:54:54.406Z"}
{"level":"info","message":"Checking the Button Labels","timestamp":"2018-08-26T10:55:01.461Z"}
{"level":"info","message":"Login As Bank Manager","timestamp":"2018-08-26T10:56:07.968Z"}
{"level":"info","message":"Checking the Button Labels","timestamp":"2018-08-26T10:56:14.895Z"}
{"level":"info","message":"Login As Bank Manager","timestamp":"2018-08-26T10:56:41.333Z"}
{"level":"info","message":"Checking the Button Labels","timestamp":"2018-08-26T10:56:48.381Z"}
{"level":"info","message":"Login As Bank Manager","timestamp":"2018-08-26T10:57:58.952Z"}
{"level":"info","message":"Checking the Button Labels","timestamp":"2018-08-26T10:58:05.751Z"}
{"level":"info","message":"Login As Bank Manager","timestamp":"2018-08-26T10:58:35.435Z"}
{"level":"info","message":"Checking the Button Labels","timestamp":"2018-08-26T10:58:42.059Z"}
{"level":"info","message":"Login As Bank Manager","timestamp":"2018-08-26T10:59:11.119Z"}
{"level":"info","message":"Checking the Button Labels","timestamp":"2018-08-26T10:59:18.980Z"}
{"level":"info","message":"Login As Bank Manager","timestamp":"2018-08-26T11:00:01.192Z"}
{"level":"info","message":"Checking the Button Labels","timestamp":"2018-08-26T11:00:07.947Z"}
{"level":"info","message":"Login As Bank Manager","timestamp":"2018-08-26T11:03:25.676Z"}
{"level":"info","message":"Checking the Button Labels","timestamp":"2018-08-26T11:03:32.792Z"}
{"level":"info","message":"Login As Bank Manager","timestamp":"2018-08-26T11:04:00.875Z"}
{"level":"info","message":"Checking the Button Labels","timestamp":"2018-08-26T11:04:08.099Z"}
{"level":"info","message":"Login As Bank Manager","timestamp":"2018-12-13T15:24:53.432Z"}
{"level":"info","message":"Checking the Button Labels","timestamp":"2018-12-13T15:25:06.853Z"}
